<?xml version="1.0" encoding="UTF-8"?>
<!-- Generated by org.testng.reporters.JUnitXMLReporter -->
<testsuite ignored="0" hostname="Nikhil" failures="0" tests="9" name="Test" time="47.446" errors="0" timestamp="2025-03-07T22:45:22 IST">
  <testcase classname="com.main.testcases.HomepageTest" name="verifyDropdownSection" time="0.09"/>
  <testcase classname="com.main.testcases.HomepageTest" name="verifyLoginDropdown" time="0.303"/>
  <testcase classname="com.main.testcases.LoginPageTest" name="checkingEmailTextBox" time="0.067"/>
  <testcase classname="com.main.testcases.LoginPageTest" name="checkingPasswordTextBox" time="0.056"/>
  <testcase classname="com.main.testcases.LoginPageTest" name="checkingMainLoginButton" time="0.051"/>
  <testcase classname="com.main.testcases.AccountPageTest" name="checkingAccountpageElement" time="0.599"/>
  <testcase classname="com.main.testcases.AccountPageTest" name="checkingDesktopElement" time="0.618">
    <skipped/>
  </testcase> <!-- checkingDesktopElement -->
  <testcase classname="com.main.testcases.AccountPageTest" name="checkingDesktopElement" time="0.064"/>
  <testcase classname="com.main.testcases.AccountPageTest" name="verifyUrl" time="0.535"/>
</testsuite> <!-- Test -->
