<?xml version="1.0" encoding="UTF-8"?>
<!-- Generated by org.testng.reporters.JUnitXMLReporter -->
<testsuite ignored="0" hostname="Nikhil" failures="0" tests="8" name="Test" time="37.812" errors="0" timestamp="2025-03-07T22:23:36 IST">
  <testcase classname="com.main.testcases.HomepageTest" name="verifyDropdownSection" time="0.097"/>
  <testcase classname="com.main.testcases.HomepageTest" name="verifyLoginDropdown" time="0.227"/>
  <testcase classname="com.main.testcases.LoginPageTest" name="checkingEmailTextBox" time="0.037"/>
  <testcase classname="com.main.testcases.LoginPageTest" name="checkingPasswordTextBox" time="0.061"/>
  <testcase classname="com.main.testcases.LoginPageTest" name="checkingMainLoginButton" time="0.048"/>
  <testcase classname="com.main.testcases.AccountPageTest" name="checkingAccountpageElement" time="0.628"/>
  <testcase classname="com.main.testcases.AccountPageTest" name="checkingDesktopElement" time="0.047"/>
  <testcase classname="com.main.testcases.AccountPageTest" name="verifyUrl" time="0.151"/>
</testsuite> <!-- Test -->
