<?xml version="1.0" encoding="UTF-8"?>
<testng-results ignored="0" total="8" passed="8" failed="0" skipped="0">
  <reporter-output>
  </reporter-output>
  <suite started-at="2025-03-07T21:23:39 IST" name="Suite" finished-at="2025-03-07T21:24:11 IST" duration-ms="31402">
    <groups>
    </groups>
    <test started-at="2025-03-07T21:23:39 IST" name="Test" finished-at="2025-03-07T21:24:11 IST" duration-ms="31402">
      <class name="com.main.testcases.AccountPageTest">
        <test-method is-config="true" signature="setup()[pri:0, instance:com.main.testcases.AccountPageTest@3b7d3a38]" started-at="2025-03-07T21:23:59 IST" name="setup" finished-at="2025-03-07T21:24:03 IST" duration-ms="4018" status="PASS">
          <reporter-output>
          </reporter-output>
        </test-method> <!-- setup -->
        <test-method signature="checkingAccountpageElement()[pri:1, instance:com.main.testcases.AccountPageTest@3b7d3a38]" started-at="2025-03-07T21:24:03 IST" name="checkingAccountpageElement" finished-at="2025-03-07T21:24:03 IST" duration-ms="33" status="PASS">
          <reporter-output>
          </reporter-output>
        </test-method> <!-- checkingAccountpageElement -->
        <test-method is-config="true" signature="tearDown()[pri:0, instance:com.main.testcases.AccountPageTest@3b7d3a38]" started-at="2025-03-07T21:24:03 IST" name="tearDown" finished-at="2025-03-07T21:24:03 IST" duration-ms="76" status="PASS">
          <reporter-output>
          </reporter-output>
        </test-method> <!-- tearDown -->
        <test-method is-config="true" signature="setup()[pri:0, instance:com.main.testcases.AccountPageTest@3b7d3a38]" started-at="2025-03-07T21:24:03 IST" name="setup" finished-at="2025-03-07T21:24:07 IST" duration-ms="4083" status="PASS">
          <reporter-output>
          </reporter-output>
        </test-method> <!-- setup -->
        <test-method signature="checkingDesktopElement()[pri:2, instance:com.main.testcases.AccountPageTest@3b7d3a38]" started-at="2025-03-07T21:24:07 IST" name="checkingDesktopElement" finished-at="2025-03-07T21:24:07 IST" duration-ms="28" status="PASS">
          <reporter-output>
          </reporter-output>
        </test-method> <!-- checkingDesktopElement -->
        <test-method is-config="true" signature="tearDown()[pri:0, instance:com.main.testcases.AccountPageTest@3b7d3a38]" started-at="2025-03-07T21:24:07 IST" name="tearDown" finished-at="2025-03-07T21:24:07 IST" duration-ms="77" status="PASS">
          <reporter-output>
          </reporter-output>
        </test-method> <!-- tearDown -->
        <test-method is-config="true" signature="setup()[pri:0, instance:com.main.testcases.AccountPageTest@3b7d3a38]" started-at="2025-03-07T21:24:07 IST" name="setup" finished-at="2025-03-07T21:24:10 IST" duration-ms="3596" status="PASS">
          <reporter-output>
          </reporter-output>
        </test-method> <!-- setup -->
        <test-method signature="verifyUrl()[pri:3, instance:com.main.testcases.AccountPageTest@3b7d3a38]" started-at="2025-03-07T21:24:10 IST" name="verifyUrl" finished-at="2025-03-07T21:24:10 IST" duration-ms="9" status="PASS">
          <reporter-output>
          </reporter-output>
        </test-method> <!-- verifyUrl -->
        <test-method is-config="true" signature="tearDown()[pri:0, instance:com.main.testcases.AccountPageTest@3b7d3a38]" started-at="2025-03-07T21:24:10 IST" name="tearDown" finished-at="2025-03-07T21:24:11 IST" duration-ms="71" status="PASS">
          <reporter-output>
          </reporter-output>
        </test-method> <!-- tearDown -->
      </class> <!-- com.main.testcases.AccountPageTest -->
      <class name="com.main.testcases.HomepageTest">
        <test-method is-config="true" signature="setup()[pri:0, instance:com.main.testcases.HomepageTest@59a008ba]" started-at="2025-03-07T21:23:40 IST" name="setup" finished-at="2025-03-07T21:23:46 IST" duration-ms="6120" status="PASS">
          <reporter-output>
          </reporter-output>
        </test-method> <!-- setup -->
        <test-method signature="verifyDropdownSection()[pri:1, instance:com.main.testcases.HomepageTest@59a008ba]" started-at="2025-03-07T21:23:46 IST" name="verifyDropdownSection" finished-at="2025-03-07T21:23:46 IST" duration-ms="83" status="PASS">
          <reporter-output>
          </reporter-output>
        </test-method> <!-- verifyDropdownSection -->
        <test-method is-config="true" signature="tearDown()[pri:0, instance:com.main.testcases.HomepageTest@59a008ba]" started-at="2025-03-07T21:23:46 IST" name="tearDown" finished-at="2025-03-07T21:23:46 IST" duration-ms="129" status="PASS">
          <reporter-output>
          </reporter-output>
        </test-method> <!-- tearDown -->
        <test-method is-config="true" signature="setup()[pri:0, instance:com.main.testcases.HomepageTest@59a008ba]" started-at="2025-03-07T21:23:46 IST" name="setup" finished-at="2025-03-07T21:23:49 IST" duration-ms="2759" status="PASS">
          <reporter-output>
          </reporter-output>
        </test-method> <!-- setup -->
        <test-method signature="verifyLoginDropdown()[pri:2, instance:com.main.testcases.HomepageTest@59a008ba]" started-at="2025-03-07T21:23:49 IST" name="verifyLoginDropdown" finished-at="2025-03-07T21:23:49 IST" duration-ms="225" status="PASS">
          <reporter-output>
          </reporter-output>
        </test-method> <!-- verifyLoginDropdown -->
        <test-method is-config="true" signature="tearDown()[pri:0, instance:com.main.testcases.HomepageTest@59a008ba]" started-at="2025-03-07T21:23:49 IST" name="tearDown" finished-at="2025-03-07T21:23:49 IST" duration-ms="94" status="PASS">
          <reporter-output>
          </reporter-output>
        </test-method> <!-- tearDown -->
      </class> <!-- com.main.testcases.HomepageTest -->
      <class name="com.main.testcases.LoginPageTest">
        <test-method is-config="true" signature="setup()[pri:0, instance:com.main.testcases.LoginPageTest@1046d517]" started-at="2025-03-07T21:23:49 IST" name="setup" finished-at="2025-03-07T21:23:52 IST" duration-ms="3002" status="PASS">
          <reporter-output>
          </reporter-output>
        </test-method> <!-- setup -->
        <test-method signature="checkingEmailTextBox()[pri:1, instance:com.main.testcases.LoginPageTest@1046d517]" started-at="2025-03-07T21:23:52 IST" name="checkingEmailTextBox" finished-at="2025-03-07T21:23:52 IST" duration-ms="68" status="PASS">
          <reporter-output>
          </reporter-output>
        </test-method> <!-- checkingEmailTextBox -->
        <test-method is-config="true" signature="tearDown()[pri:0, instance:com.main.testcases.LoginPageTest@1046d517]" started-at="2025-03-07T21:23:52 IST" name="tearDown" finished-at="2025-03-07T21:23:52 IST" duration-ms="101" status="PASS">
          <reporter-output>
          </reporter-output>
        </test-method> <!-- tearDown -->
        <test-method is-config="true" signature="setup()[pri:0, instance:com.main.testcases.LoginPageTest@1046d517]" started-at="2025-03-07T21:23:52 IST" name="setup" finished-at="2025-03-07T21:23:55 IST" duration-ms="3199" status="PASS">
          <reporter-output>
          </reporter-output>
        </test-method> <!-- setup -->
        <test-method signature="checkingPasswordTextBox()[pri:2, instance:com.main.testcases.LoginPageTest@1046d517]" started-at="2025-03-07T21:23:55 IST" name="checkingPasswordTextBox" finished-at="2025-03-07T21:23:55 IST" duration-ms="55" status="PASS">
          <reporter-output>
          </reporter-output>
        </test-method> <!-- checkingPasswordTextBox -->
        <test-method is-config="true" signature="tearDown()[pri:0, instance:com.main.testcases.LoginPageTest@1046d517]" started-at="2025-03-07T21:23:55 IST" name="tearDown" finished-at="2025-03-07T21:23:55 IST" duration-ms="89" status="PASS">
          <reporter-output>
          </reporter-output>
        </test-method> <!-- tearDown -->
        <test-method is-config="true" signature="setup()[pri:0, instance:com.main.testcases.LoginPageTest@1046d517]" started-at="2025-03-07T21:23:55 IST" name="setup" finished-at="2025-03-07T21:23:58 IST" duration-ms="2916" status="PASS">
          <reporter-output>
          </reporter-output>
        </test-method> <!-- setup -->
        <test-method signature="checkingMainLoginButton()[pri:3, instance:com.main.testcases.LoginPageTest@1046d517]" started-at="2025-03-07T21:23:58 IST" name="checkingMainLoginButton" finished-at="2025-03-07T21:23:58 IST" duration-ms="52" status="PASS">
          <reporter-output>
          </reporter-output>
        </test-method> <!-- checkingMainLoginButton -->
        <test-method is-config="true" signature="tearDown()[pri:0, instance:com.main.testcases.LoginPageTest@1046d517]" started-at="2025-03-07T21:23:58 IST" name="tearDown" finished-at="2025-03-07T21:23:59 IST" duration-ms="107" status="PASS">
          <reporter-output>
          </reporter-output>
        </test-method> <!-- tearDown -->
      </class> <!-- com.main.testcases.LoginPageTest -->
    </test> <!-- Test -->
  </suite> <!-- Suite -->
</testng-results>
