<?xml version="1.0" encoding="UTF-8"?>
<testng-results retried="1" ignored="0" total="9" passed="8" failed="0" skipped="0">
  <reporter-output>
  </reporter-output>
  <suite started-at="2025-03-07T22:44:32 IST" name="Suite" finished-at="2025-03-07T22:45:20 IST" duration-ms="47446">
    <groups>
    </groups>
    <test started-at="2025-03-07T22:44:32 IST" name="Test" finished-at="2025-03-07T22:45:20 IST" duration-ms="47446">
      <class name="com.main.testcases.AccountPageTest">
        <test-method is-config="true" signature="setup()[pri:0, instance:com.main.testcases.AccountPageTest@60856961]" started-at="2025-03-07T22:44:58 IST" name="setup" finished-at="2025-03-07T22:45:03 IST" duration-ms="5014" status="PASS">
          <reporter-output>
          </reporter-output>
        </test-method> <!-- setup -->
        <test-method signature="checkingAccountpageElement()[pri:1, instance:com.main.testcases.AccountPageTest@60856961]" started-at="2025-03-07T22:45:03 IST" name="checkingAccountpageElement" finished-at="2025-03-07T22:45:04 IST" duration-ms="599" status="PASS">
          <reporter-output>
          </reporter-output>
        </test-method> <!-- checkingAccountpageElement -->
        <test-method is-config="true" signature="tearDown()[pri:0, instance:com.main.testcases.AccountPageTest@60856961]" started-at="2025-03-07T22:45:04 IST" name="tearDown" finished-at="2025-03-07T22:45:04 IST" duration-ms="125" status="PASS">
          <reporter-output>
          </reporter-output>
        </test-method> <!-- tearDown -->
        <test-method is-config="true" signature="setup()[pri:0, instance:com.main.testcases.AccountPageTest@60856961]" started-at="2025-03-07T22:45:04 IST" name="setup" finished-at="2025-03-07T22:45:09 IST" duration-ms="4885" status="PASS">
          <reporter-output>
          </reporter-output>
        </test-method> <!-- setup -->
        <test-method retried="true" signature="checkingDesktopElement()[pri:2, instance:com.main.testcases.AccountPageTest@60856961]" started-at="2025-03-07T22:45:09 IST" name="checkingDesktopElement" finished-at="2025-03-07T22:45:09 IST" duration-ms="618" status="SKIP">
          <exception class="org.openqa.selenium.StaleElementReferenceException">
            <message>
              <![CDATA[stale element reference: stale element not found
  (Session info: chrome=134.0.6998.36)
For documentation on this error, please visit: https://www.selenium.dev/documentation/webdriver/troubleshooting/errors#stale-element-reference-exception
Build info: version: '4.27.0', revision: 'd6e718d134'
System info: os.name: 'Windows 11', os.arch: 'amd64', os.version: '10.0', java.version: '17.0.12'
Driver info: org.openqa.selenium.chrome.ChromeDriver
Command: [9b4560d247435c4043c32874d1946592, isElementDisplayed {id=f.2BE1D3F8598808863D6A45B5E1CD88C0.d.0028A732CA2E60B33B90D92F51A267FE.e.73}]
Capabilities {acceptInsecureCerts: false, browserName: chrome, browserVersion: 134.0.6998.36, chrome: {chromedriverVersion: 134.0.6998.35 (ea6ef4c2ac15..., userDataDir: C:\Users\ernik\AppData\Loca...}, fedcm:accounts: true, goog:chromeOptions: {debuggerAddress: localhost:55835}, networkConnectionEnabled: false, pageLoadStrategy: normal, platformName: windows, proxy: Proxy(), se:cdp: ws://localhost:55835/devtoo..., se:cdpVersion: 134.0.6998.36, setWindowRect: true, strictFileInteractability: false, timeouts: {implicit: 0, pageLoad: 300000, script: 30000}, unhandledPromptBehavior: dismiss and notify, webauthn:extension:credBlob: true, webauthn:extension:largeBlob: true, webauthn:extension:minPinLength: true, webauthn:extension:prf: true, webauthn:virtualAuthenticators: true}
Element: [[ChromeDriver: chrome on windows (9b4560d247435c4043c32874d1946592)] -> xpath: //li//a[text()='Desktops']]
Session ID: 9b4560d247435c4043c32874d1946592]]>
            </message>
            <full-stacktrace>
              <![CDATA[org.openqa.selenium.StaleElementReferenceException: stale element reference: stale element not found
  (Session info: chrome=134.0.6998.36)
For documentation on this error, please visit: https://www.selenium.dev/documentation/webdriver/troubleshooting/errors#stale-element-reference-exception
Build info: version: '4.27.0', revision: 'd6e718d134'
System info: os.name: 'Windows 11', os.arch: 'amd64', os.version: '10.0', java.version: '17.0.12'
Driver info: org.openqa.selenium.chrome.ChromeDriver
Command: [9b4560d247435c4043c32874d1946592, isElementDisplayed {id=f.2BE1D3F8598808863D6A45B5E1CD88C0.d.0028A732CA2E60B33B90D92F51A267FE.e.73}]
Capabilities {acceptInsecureCerts: false, browserName: chrome, browserVersion: 134.0.6998.36, chrome: {chromedriverVersion: 134.0.6998.35 (ea6ef4c2ac15..., userDataDir: C:\Users\ernik\AppData\Loca...}, fedcm:accounts: true, goog:chromeOptions: {debuggerAddress: localhost:55835}, networkConnectionEnabled: false, pageLoadStrategy: normal, platformName: windows, proxy: Proxy(), se:cdp: ws://localhost:55835/devtoo..., se:cdpVersion: 134.0.6998.36, setWindowRect: true, strictFileInteractability: false, timeouts: {implicit: 0, pageLoad: 300000, script: 30000}, unhandledPromptBehavior: dismiss and notify, webauthn:extension:credBlob: true, webauthn:extension:largeBlob: true, webauthn:extension:minPinLength: true, webauthn:extension:prf: true, webauthn:virtualAuthenticators: true}
Element: [[ChromeDriver: chrome on windows (9b4560d247435c4043c32874d1946592)] -> xpath: //li//a[text()='Desktops']]
Session ID: 9b4560d247435c4043c32874d1946592
at java.base/jdk.internal.reflect.NativeConstructorAccessorImpl.newInstance0(Native Method)
at java.base/jdk.internal.reflect.NativeConstructorAccessorImpl.newInstance(NativeConstructorAccessorImpl.java:77)
at java.base/jdk.internal.reflect.DelegatingConstructorAccessorImpl.newInstance(DelegatingConstructorAccessorImpl.java:45)
at java.base/java.lang.reflect.Constructor.newInstanceWithCaller(Constructor.java:499)
at java.base/java.lang.reflect.Constructor.newInstance(Constructor.java:480)
at org.openqa.selenium.remote.ErrorCodec.decode(ErrorCodec.java:167)
at org.openqa.selenium.remote.codec.w3c.W3CHttpResponseCodec.decode(W3CHttpResponseCodec.java:138)
at org.openqa.selenium.remote.codec.w3c.W3CHttpResponseCodec.decode(W3CHttpResponseCodec.java:50)
at org.openqa.selenium.remote.HttpCommandExecutor.execute(HttpCommandExecutor.java:190)
at org.openqa.selenium.remote.service.DriverCommandExecutor.invokeExecute(DriverCommandExecutor.java:216)
at org.openqa.selenium.remote.service.DriverCommandExecutor.execute(DriverCommandExecutor.java:174)
at org.openqa.selenium.remote.RemoteWebDriver.execute(RemoteWebDriver.java:545)
at org.openqa.selenium.remote.RemoteWebElement.execute(RemoteWebElement.java:223)
at org.openqa.selenium.remote.RemoteWebElement.isDisplayed(RemoteWebElement.java:282)
at java.base/jdk.internal.reflect.NativeMethodAccessorImpl.invoke0(Native Method)
at java.base/jdk.internal.reflect.NativeMethodAccessorImpl.invoke(NativeMethodAccessorImpl.java:77)
at java.base/jdk.internal.reflect.DelegatingMethodAccessorImpl.invoke(DelegatingMethodAccessorImpl.java:43)
at java.base/java.lang.reflect.Method.invoke(Method.java:568)
at org.openqa.selenium.support.pagefactory.internal.LocatingElementHandler.invoke(LocatingElementHandler.java:51)
at jdk.proxy2/jdk.proxy2.$Proxy14.isDisplayed(Unknown Source)
at com.main.pages.AccountPage.isDeskTopSectionVisible(AccountPage.java:37)
at com.main.testcases.AccountPageTest.checkingDesktopElement(AccountPageTest.java:59)
at java.base/jdk.internal.reflect.NativeMethodAccessorImpl.invoke0(Native Method)
at java.base/jdk.internal.reflect.NativeMethodAccessorImpl.invoke(NativeMethodAccessorImpl.java:77)
at java.base/jdk.internal.reflect.DelegatingMethodAccessorImpl.invoke(DelegatingMethodAccessorImpl.java:43)
at java.base/java.lang.reflect.Method.invoke(Method.java:568)
at org.testng.internal.invokers.MethodInvocationHelper.invokeMethod(MethodInvocationHelper.java:139)
at org.testng.internal.invokers.TestInvoker.invokeMethod(TestInvoker.java:677)
at org.testng.internal.invokers.TestInvoker.invokeTestMethod(TestInvoker.java:221)
at org.testng.internal.invokers.MethodRunner.runInSequence(MethodRunner.java:50)
at org.testng.internal.invokers.TestInvoker$MethodInvocationAgent.invoke(TestInvoker.java:969)
at org.testng.internal.invokers.TestInvoker.invokeTestMethods(TestInvoker.java:194)
at org.testng.internal.invokers.TestMethodWorker.invokeTestMethods(TestMethodWorker.java:148)
at org.testng.internal.invokers.TestMethodWorker.run(TestMethodWorker.java:128)
at java.base/java.util.ArrayList.forEach(ArrayList.java:1511)
at org.testng.TestRunner.privateRun(TestRunner.java:829)
at org.testng.TestRunner.run(TestRunner.java:602)
at org.testng.SuiteRunner.runTest(SuiteRunner.java:437)
at org.testng.SuiteRunner.runSequentially(SuiteRunner.java:431)
at org.testng.SuiteRunner.privateRun(SuiteRunner.java:391)
at org.testng.SuiteRunner.run(SuiteRunner.java:330)
at org.testng.SuiteRunnerWorker.runSuite(SuiteRunnerWorker.java:52)
at org.testng.SuiteRunnerWorker.run(SuiteRunnerWorker.java:95)
at org.testng.TestNG.runSuitesSequentially(TestNG.java:1256)
at org.testng.TestNG.runSuitesLocally(TestNG.java:1176)
at org.testng.TestNG.runSuites(TestNG.java:1099)
at org.testng.TestNG.run(TestNG.java:1067)
at org.apache.maven.surefire.testng.TestNGExecutor.run(TestNGExecutor.java:308)
at org.apache.maven.surefire.testng.TestNGXmlTestSuite.execute(TestNGXmlTestSuite.java:71)
at org.apache.maven.surefire.testng.TestNGProvider.invoke(TestNGProvider.java:113)
at org.apache.maven.surefire.booter.ForkedBooter.runSuitesInProcess(ForkedBooter.java:385)
at org.apache.maven.surefire.booter.ForkedBooter.execute(ForkedBooter.java:162)
at org.apache.maven.surefire.booter.ForkedBooter.run(ForkedBooter.java:507)
at org.apache.maven.surefire.booter.ForkedBooter.main(ForkedBooter.java:495)
]]>
            </full-stacktrace>
          </exception> <!-- org.openqa.selenium.StaleElementReferenceException -->
          <reporter-output>
          </reporter-output>
        </test-method> <!-- checkingDesktopElement -->
        <test-method is-config="true" signature="tearDown()[pri:0, instance:com.main.testcases.AccountPageTest@60856961]" started-at="2025-03-07T22:45:09 IST" name="tearDown" finished-at="2025-03-07T22:45:09 IST" duration-ms="160" status="PASS">
          <reporter-output>
          </reporter-output>
        </test-method> <!-- tearDown -->
        <test-method is-config="true" signature="setup()[pri:0, instance:com.main.testcases.AccountPageTest@60856961]" started-at="2025-03-07T22:45:09 IST" name="setup" finished-at="2025-03-07T22:45:14 IST" duration-ms="4928" status="PASS">
          <reporter-output>
          </reporter-output>
        </test-method> <!-- setup -->
        <test-method signature="checkingDesktopElement()[pri:2, instance:com.main.testcases.AccountPageTest@60856961]" started-at="2025-03-07T22:45:14 IST" name="checkingDesktopElement" finished-at="2025-03-07T22:45:14 IST" duration-ms="64" status="PASS">
          <reporter-output>
          </reporter-output>
        </test-method> <!-- checkingDesktopElement -->
        <test-method is-config="true" signature="tearDown()[pri:0, instance:com.main.testcases.AccountPageTest@60856961]" started-at="2025-03-07T22:45:14 IST" name="tearDown" finished-at="2025-03-07T22:45:15 IST" duration-ms="142" status="PASS">
          <reporter-output>
          </reporter-output>
        </test-method> <!-- tearDown -->
        <test-method is-config="true" signature="setup()[pri:0, instance:com.main.testcases.AccountPageTest@60856961]" started-at="2025-03-07T22:45:15 IST" name="setup" finished-at="2025-03-07T22:45:19 IST" duration-ms="4628" status="PASS">
          <reporter-output>
          </reporter-output>
        </test-method> <!-- setup -->
        <test-method signature="verifyUrl()[pri:3, instance:com.main.testcases.AccountPageTest@60856961]" started-at="2025-03-07T22:45:19 IST" name="verifyUrl" finished-at="2025-03-07T22:45:20 IST" duration-ms="535" status="PASS">
          <reporter-output>
          </reporter-output>
        </test-method> <!-- verifyUrl -->
        <test-method is-config="true" signature="tearDown()[pri:0, instance:com.main.testcases.AccountPageTest@60856961]" started-at="2025-03-07T22:45:20 IST" name="tearDown" finished-at="2025-03-07T22:45:20 IST" duration-ms="159" status="PASS">
          <reporter-output>
          </reporter-output>
        </test-method> <!-- tearDown -->
      </class> <!-- com.main.testcases.AccountPageTest -->
      <class name="com.main.testcases.HomepageTest">
        <test-method is-config="true" signature="setup()[pri:0, instance:com.main.testcases.HomepageTest@d41f816]" started-at="2025-03-07T22:44:33 IST" name="setup" finished-at="2025-03-07T22:44:38 IST" duration-ms="5245" status="PASS">
          <reporter-output>
          </reporter-output>
        </test-method> <!-- setup -->
        <test-method signature="verifyDropdownSection()[pri:1, instance:com.main.testcases.HomepageTest@d41f816]" started-at="2025-03-07T22:44:38 IST" name="verifyDropdownSection" finished-at="2025-03-07T22:44:38 IST" duration-ms="90" status="PASS">
          <reporter-output>
          </reporter-output>
        </test-method> <!-- verifyDropdownSection -->
        <test-method is-config="true" signature="tearDown()[pri:0, instance:com.main.testcases.HomepageTest@d41f816]" started-at="2025-03-07T22:44:38 IST" name="tearDown" finished-at="2025-03-07T22:44:38 IST" duration-ms="111" status="PASS">
          <reporter-output>
          </reporter-output>
        </test-method> <!-- tearDown -->
        <test-method is-config="true" signature="setup()[pri:0, instance:com.main.testcases.HomepageTest@d41f816]" started-at="2025-03-07T22:44:38 IST" name="setup" finished-at="2025-03-07T22:44:44 IST" duration-ms="5771" status="PASS">
          <reporter-output>
          </reporter-output>
        </test-method> <!-- setup -->
        <test-method signature="verifyLoginDropdown()[pri:2, instance:com.main.testcases.HomepageTest@d41f816]" started-at="2025-03-07T22:44:44 IST" name="verifyLoginDropdown" finished-at="2025-03-07T22:44:44 IST" duration-ms="303" status="PASS">
          <reporter-output>
          </reporter-output>
        </test-method> <!-- verifyLoginDropdown -->
        <test-method is-config="true" signature="tearDown()[pri:0, instance:com.main.testcases.HomepageTest@d41f816]" started-at="2025-03-07T22:44:44 IST" name="tearDown" finished-at="2025-03-07T22:44:45 IST" duration-ms="151" status="PASS">
          <reporter-output>
          </reporter-output>
        </test-method> <!-- tearDown -->
      </class> <!-- com.main.testcases.HomepageTest -->
      <class name="com.main.testcases.LoginPageTest">
        <test-method is-config="true" signature="setup()[pri:0, instance:com.main.testcases.LoginPageTest@363a52f]" started-at="2025-03-07T22:44:45 IST" name="setup" finished-at="2025-03-07T22:44:49 IST" duration-ms="4797" status="PASS">
          <reporter-output>
          </reporter-output>
        </test-method> <!-- setup -->
        <test-method signature="checkingEmailTextBox()[pri:1, instance:com.main.testcases.LoginPageTest@363a52f]" started-at="2025-03-07T22:44:49 IST" name="checkingEmailTextBox" finished-at="2025-03-07T22:44:49 IST" duration-ms="67" status="PASS">
          <reporter-output>
          </reporter-output>
        </test-method> <!-- checkingEmailTextBox -->
        <test-method is-config="true" signature="tearDown()[pri:0, instance:com.main.testcases.LoginPageTest@363a52f]" started-at="2025-03-07T22:44:49 IST" name="tearDown" finished-at="2025-03-07T22:44:50 IST" duration-ms="114" status="PASS">
          <reporter-output>
          </reporter-output>
        </test-method> <!-- tearDown -->
        <test-method is-config="true" signature="setup()[pri:0, instance:com.main.testcases.LoginPageTest@363a52f]" started-at="2025-03-07T22:44:50 IST" name="setup" finished-at="2025-03-07T22:44:53 IST" duration-ms="3892" status="PASS">
          <reporter-output>
          </reporter-output>
        </test-method> <!-- setup -->
        <test-method signature="checkingPasswordTextBox()[pri:2, instance:com.main.testcases.LoginPageTest@363a52f]" started-at="2025-03-07T22:44:53 IST" name="checkingPasswordTextBox" finished-at="2025-03-07T22:44:53 IST" duration-ms="56" status="PASS">
          <reporter-output>
          </reporter-output>
        </test-method> <!-- checkingPasswordTextBox -->
        <test-method is-config="true" signature="tearDown()[pri:0, instance:com.main.testcases.LoginPageTest@363a52f]" started-at="2025-03-07T22:44:54 IST" name="tearDown" finished-at="2025-03-07T22:44:54 IST" duration-ms="96" status="PASS">
          <reporter-output>
          </reporter-output>
        </test-method> <!-- tearDown -->
        <test-method is-config="true" signature="setup()[pri:0, instance:com.main.testcases.LoginPageTest@363a52f]" started-at="2025-03-07T22:44:54 IST" name="setup" finished-at="2025-03-07T22:44:58 IST" duration-ms="4305" status="PASS">
          <reporter-output>
          </reporter-output>
        </test-method> <!-- setup -->
        <test-method signature="checkingMainLoginButton()[pri:3, instance:com.main.testcases.LoginPageTest@363a52f]" started-at="2025-03-07T22:44:58 IST" name="checkingMainLoginButton" finished-at="2025-03-07T22:44:58 IST" duration-ms="51" status="PASS">
          <reporter-output>
          </reporter-output>
        </test-method> <!-- checkingMainLoginButton -->
        <test-method is-config="true" signature="tearDown()[pri:0, instance:com.main.testcases.LoginPageTest@363a52f]" started-at="2025-03-07T22:44:58 IST" name="tearDown" finished-at="2025-03-07T22:44:58 IST" duration-ms="112" status="PASS">
          <reporter-output>
          </reporter-output>
        </test-method> <!-- tearDown -->
      </class> <!-- com.main.testcases.LoginPageTest -->
    </test> <!-- Test -->
  </suite> <!-- Suite -->
</testng-results>
